<?xml version="1.0" encoding="UTF-8"?>
<!-- Generated by org.testng.reporters.JUnitXMLReporter -->
<testsuite ignored="0" hostname="analas-MacBook-Pro.local" failures="3" tests="6" name="Test1" time="74.728" errors="0" timestamp="02 Sep 2020 04:27:00 GMT">
  <testcase classname="com.nopcommerceV2.testCases.TC_LoginTest_001" name="loginTest" time="12.226"/>
  <testcase classname="com.nopcommerceV2.testCases.TC_LoginDDT_002" name="loginTest" time="12.413"/>
  <testcase classname="com.nopcommerceV2.testCases.TC_LoginDDT_002" name="loginTest" time="6.596">
    <failure type="junit.framework.AssertionFailedError">
      <![CDATA[junit.framework.AssertionFailedError
at junit.framework.Assert.fail(Assert.java:47)
at junit.framework.Assert.assertTrue(Assert.java:20)
at junit.framework.Assert.assertTrue(Assert.java:27)
at com.nopcommerceV2.testCases.TC_LoginDDT_002.loginTest(TC_LoginDDT_002.java:42)
... Removed 25 stack frames]]>
    </failure>
  </testcase> <!-- loginTest -->
  <testcase classname="com.nopcommerceV2.testCases.TC_LoginDDT_002" name="loginTest" time="6.686">
    <failure type="junit.framework.AssertionFailedError">
      <![CDATA[junit.framework.AssertionFailedError
at junit.framework.Assert.fail(Assert.java:47)
at junit.framework.Assert.assertTrue(Assert.java:20)
at junit.framework.Assert.assertTrue(Assert.java:27)
at com.nopcommerceV2.testCases.TC_LoginDDT_002.loginTest(TC_LoginDDT_002.java:42)
... Removed 25 stack frames]]>
    </failure>
  </testcase> <!-- loginTest -->
  <testcase classname="com.nopcommerceV2.testCases.TC_LoginDDT_002" name="loginTest" time="6.64">
    <failure type="junit.framework.AssertionFailedError">
      <![CDATA[junit.framework.AssertionFailedError
at junit.framework.Assert.fail(Assert.java:47)
at junit.framework.Assert.assertTrue(Assert.java:20)
at junit.framework.Assert.assertTrue(Assert.java:27)
at com.nopcommerceV2.testCases.TC_LoginDDT_002.loginTest(TC_LoginDDT_002.java:42)
... Removed 25 stack frames]]>
    </failure>
  </testcase> <!-- loginTest -->
  <testcase classname="com.nopcommerceV2.testCases.TC_AddcustomerTest_003" name="AddNewCustomer" time="15.733"/>
</testsuite> <!-- Test1 -->
